<?xml version="1.0" encoding="UTF-8"?>
<testng-results skipped="0" failed="2" total="14" passed="12">
  <reporter-output>
  </reporter-output>
  <suite name="Default suite" duration-ms="839204" started-at="2017-04-12T05:21:12Z" finished-at="2017-04-12T05:35:11Z">
    <groups>
    </groups>
    <test name="Default test" duration-ms="839204" started-at="2017-04-12T05:21:12Z" finished-at="2017-04-12T05:35:11Z">
      <class name="main_file.Main_Report_Delivery">
        <test-method status="PASS" signature="login()[pri:1, instance:main_file.Main_Report_Delivery@71ba6d4e]" name="login" duration-ms="35007" started-at="2017-04-12T10:51:12Z" finished-at="2017-04-12T10:51:47Z">
          <reporter-output>
          </reporter-output>
        </test-method> <!-- login -->
        <test-method status="PASS" signature="Download_Report()[pri:2, instance:main_file.Main_Report_Delivery@71ba6d4e]" name="Download_Report" duration-ms="134924" started-at="2017-04-12T10:51:47Z" finished-at="2017-04-12T10:54:02Z">
          <reporter-output>
          </reporter-output>
        </test-method> <!-- Download_Report -->
        <test-method status="PASS" signature="View_Transmittal_Letter()[pri:3, instance:main_file.Main_Report_Delivery@71ba6d4e]" name="View_Transmittal_Letter" duration-ms="14383" started-at="2017-04-12T10:54:02Z" finished-at="2017-04-12T10:54:16Z">
          <reporter-output>
          </reporter-output>
        </test-method> <!-- View_Transmittal_Letter -->
        <test-method status="PASS" signature="View_Cover_Page()[pri:4, instance:main_file.Main_Report_Delivery@71ba6d4e]" name="View_Cover_Page" duration-ms="14419" started-at="2017-04-12T10:54:16Z" finished-at="2017-04-12T10:54:31Z">
          <reporter-output>
          </reporter-output>
        </test-method> <!-- View_Cover_Page -->
        <test-method status="PASS" signature="Edit_Transmittal_Letter()[pri:5, instance:main_file.Main_Report_Delivery@71ba6d4e]" name="Edit_Transmittal_Letter" duration-ms="116614" started-at="2017-04-12T10:54:31Z" finished-at="2017-04-12T10:56:28Z">
          <reporter-output>
          </reporter-output>
        </test-method> <!-- Edit_Transmittal_Letter -->
        <test-method status="PASS" signature="Edit_Cover_Page()[pri:6, instance:main_file.Main_Report_Delivery@71ba6d4e]" name="Edit_Cover_Page" duration-ms="114937" started-at="2017-04-12T10:56:28Z" finished-at="2017-04-12T10:58:22Z">
          <reporter-output>
          </reporter-output>
        </test-method> <!-- Edit_Cover_Page -->
        <test-method status="PASS" signature="Download_Previously_Generated_Reports()[pri:7, instance:main_file.Main_Report_Delivery@71ba6d4e]" name="Download_Previously_Generated_Reports" duration-ms="25684" started-at="2017-04-12T10:58:22Z" finished-at="2017-04-12T10:58:48Z">
          <reporter-output>
          </reporter-output>
        </test-method> <!-- Download_Previously_Generated_Reports -->
        <test-method status="PASS" signature="Upload_Document_Transmittal_Letter()[pri:8, instance:main_file.Main_Report_Delivery@71ba6d4e]" name="Upload_Document_Transmittal_Letter" duration-ms="124612" started-at="2017-04-12T10:58:48Z" finished-at="2017-04-12T11:00:53Z">
          <reporter-output>
          </reporter-output>
        </test-method> <!-- Upload_Document_Transmittal_Letter -->
        <test-method status="PASS" signature="Upload_Document_Cover_Page()[pri:9, instance:main_file.Main_Report_Delivery@71ba6d4e]" name="Upload_Document_Cover_Page" duration-ms="127800" started-at="2017-04-12T11:00:53Z" finished-at="2017-04-12T11:03:01Z">
          <reporter-output>
          </reporter-output>
        </test-method> <!-- Upload_Document_Cover_Page -->
        <test-method status="PASS" signature="Upload_Invalid_File_Transmittal_Letter()[pri:10, instance:main_file.Main_Report_Delivery@71ba6d4e]" name="Upload_Invalid_File_Transmittal_Letter" duration-ms="44716" started-at="2017-04-12T11:03:01Z" finished-at="2017-04-12T11:03:45Z">
          <reporter-output>
          </reporter-output>
        </test-method> <!-- Upload_Invalid_File_Transmittal_Letter -->
        <test-method status="PASS" signature="Upload_Invalid_File_Cover_Page()[pri:11, instance:main_file.Main_Report_Delivery@71ba6d4e]" name="Upload_Invalid_File_Cover_Page" duration-ms="45191" started-at="2017-04-12T11:03:45Z" finished-at="2017-04-12T11:04:30Z">
          <reporter-output>
          </reporter-output>
        </test-method> <!-- Upload_Invalid_File_Cover_Page -->
        <test-method status="FAIL" signature="Email_Link_To_Client()[pri:12, instance:main_file.Main_Report_Delivery@71ba6d4e]" name="Email_Link_To_Client" duration-ms="38628" started-at="2017-04-12T11:04:30Z" finished-at="2017-04-12T11:05:09Z">
          <exception class="org.openqa.selenium.NoSuchElementException">
            <message>
              <![CDATA[no such element: Unable to locate element: {"method":"xpath","selector":"//a[text()='Close']"}
  (Session info: chrome=57.0.2987.133)
  (Driver info: chromedriver=2.28.455520 (cc17746adff54984afff480136733114c6b3704b),platform=Windows NT 6.2.9200 x86_64) (WARNING: The server did not provide any stacktrace information)
Command duration or timeout: 69 milliseconds
For documentation on this error, please visit: http://seleniumhq.org/exceptions/no_such_element.html
Build info: version: 'unknown', revision: '5234b32', time: '2017-03-10 09:00:17 -0800'
System info: host: 'COMPUMATRICE', ip: '10.26.41.188', os.name: 'Windows 8', os.arch: 'amd64', os.version: '6.2', java.version: '1.8.0_73'
Driver info: org.openqa.selenium.chrome.ChromeDriver
Capabilities [{applicationCacheEnabled=false, rotatable=false, mobileEmulationEnabled=false, networkConnectionEnabled=false, chrome={chromedriverVersion=2.28.455520 (cc17746adff54984afff480136733114c6b3704b), userDataDir=C:\Users\compu\AppData\Local\Temp\scoped_dir10004_32421}, takesHeapSnapshot=true, pageLoadStrategy=normal, databaseEnabled=false, handlesAlerts=true, hasTouchScreen=false, version=57.0.2987.133, platform=WIN8, browserConnectionEnabled=false, nativeEvents=true, acceptSslCerts=true, locationContextEnabled=true, webStorageEnabled=true, browserName=chrome, takesScreenshot=true, javascriptEnabled=true, cssSelectorsEnabled=true, unexpectedAlertBehaviour=}]
Session ID: 313b587111a9603ec383cedc8e30bd7c
*** Element info: {Using=xpath, value=//a[text()='Close']}]]>
            </message>
            <full-stacktrace>
              <![CDATA[org.openqa.selenium.NoSuchElementException: no such element: Unable to locate element: {"method":"xpath","selector":"//a[text()='Close']"}
  (Session info: chrome=57.0.2987.133)
  (Driver info: chromedriver=2.28.455520 (cc17746adff54984afff480136733114c6b3704b),platform=Windows NT 6.2.9200 x86_64) (WARNING: The server did not provide any stacktrace information)
Command duration or timeout: 69 milliseconds
For documentation on this error, please visit: http://seleniumhq.org/exceptions/no_such_element.html
Build info: version: 'unknown', revision: '5234b32', time: '2017-03-10 09:00:17 -0800'
System info: host: 'COMPUMATRICE', ip: '10.26.41.188', os.name: 'Windows 8', os.arch: 'amd64', os.version: '6.2', java.version: '1.8.0_73'
Driver info: org.openqa.selenium.chrome.ChromeDriver
Capabilities [{applicationCacheEnabled=false, rotatable=false, mobileEmulationEnabled=false, networkConnectionEnabled=false, chrome={chromedriverVersion=2.28.455520 (cc17746adff54984afff480136733114c6b3704b), userDataDir=C:\Users\compu\AppData\Local\Temp\scoped_dir10004_32421}, takesHeapSnapshot=true, pageLoadStrategy=normal, databaseEnabled=false, handlesAlerts=true, hasTouchScreen=false, version=57.0.2987.133, platform=WIN8, browserConnectionEnabled=false, nativeEvents=true, acceptSslCerts=true, locationContextEnabled=true, webStorageEnabled=true, browserName=chrome, takesScreenshot=true, javascriptEnabled=true, cssSelectorsEnabled=true, unexpectedAlertBehaviour=}]
Session ID: 313b587111a9603ec383cedc8e30bd7c
*** Element info: {Using=xpath, value=//a[text()='Close']}
	at sun.reflect.NativeConstructorAccessorImpl.newInstance0(Native Method)
	at sun.reflect.NativeConstructorAccessorImpl.newInstance(Unknown Source)
	at sun.reflect.DelegatingConstructorAccessorImpl.newInstance(Unknown Source)
	at java.lang.reflect.Constructor.newInstance(Unknown Source)
	at org.openqa.selenium.remote.ErrorHandler.createThrowable(ErrorHandler.java:216)
	at org.openqa.selenium.remote.ErrorHandler.throwIfResponseFailed(ErrorHandler.java:168)
	at org.openqa.selenium.remote.RemoteWebDriver.execute(RemoteWebDriver.java:638)
	at org.openqa.selenium.remote.RemoteWebDriver.findElement(RemoteWebDriver.java:371)
	at org.openqa.selenium.remote.RemoteWebDriver.findElementByXPath(RemoteWebDriver.java:476)
	at org.openqa.selenium.By$ByXPath.findElement(By.java:361)
	at org.openqa.selenium.remote.RemoteWebDriver.findElement(RemoteWebDriver.java:363)
	at org.openqa.selenium.support.pagefactory.DefaultElementLocator.findElement(DefaultElementLocator.java:69)
	at org.openqa.selenium.support.pagefactory.internal.LocatingElementHandler.invoke(LocatingElementHandler.java:38)
	at com.sun.proxy.$Proxy5.click(Unknown Source)
	at all_files.Assemble_Tab.Send_Deliverable_Email(Assemble_Tab.java:203)
	at all_files.Assemble_Tab.Email_Link_To_Client(Assemble_Tab.java:652)
	at main_file.Main_Report_Delivery.Email_Link_To_Client(Main_Report_Delivery.java:74)
	at sun.reflect.NativeMethodAccessorImpl.invoke0(Native Method)
	at sun.reflect.NativeMethodAccessorImpl.invoke(Unknown Source)
	at sun.reflect.DelegatingMethodAccessorImpl.invoke(Unknown Source)
	at java.lang.reflect.Method.invoke(Unknown Source)
	at org.testng.internal.MethodInvocationHelper.invokeMethod(MethodInvocationHelper.java:100)
	at org.testng.internal.Invoker.invokeMethod(Invoker.java:646)
	at org.testng.internal.Invoker.invokeTestMethod(Invoker.java:811)
	at org.testng.internal.Invoker.invokeTestMethods(Invoker.java:1129)
	at org.testng.internal.TestMethodWorker.invokeTestMethods(TestMethodWorker.java:129)
	at org.testng.internal.TestMethodWorker.run(TestMethodWorker.java:112)
	at org.testng.TestRunner.privateRun(TestRunner.java:746)
	at org.testng.TestRunner.run(TestRunner.java:600)
	at org.testng.SuiteRunner.runTest(SuiteRunner.java:366)
	at org.testng.SuiteRunner.runSequentially(SuiteRunner.java:361)
	at org.testng.SuiteRunner.privateRun(SuiteRunner.java:319)
	at org.testng.SuiteRunner.run(SuiteRunner.java:268)
	at org.testng.SuiteRunnerWorker.runSuite(SuiteRunnerWorker.java:52)
	at org.testng.SuiteRunnerWorker.run(SuiteRunnerWorker.java:86)
	at org.testng.TestNG.runSuitesSequentially(TestNG.java:1264)
	at org.testng.TestNG.runSuitesLocally(TestNG.java:1189)
	at org.testng.TestNG.runSuites(TestNG.java:1104)
	at org.testng.TestNG.run(TestNG.java:1076)
	at org.testng.remote.AbstractRemoteTestNG.run(AbstractRemoteTestNG.java:126)
	at org.testng.remote.RemoteTestNG.initAndRun(RemoteTestNG.java:152)
	at org.testng.remote.RemoteTestNG.main(RemoteTestNG.java:57)
]]>
            </full-stacktrace>
          </exception> <!-- org.openqa.selenium.NoSuchElementException -->
          <reporter-output>
          </reporter-output>
        </test-method> <!-- Email_Link_To_Client -->
        <test-method status="PASS" signature="Disable_Email_Link()[pri:13, instance:main_file.Main_Report_Delivery@71ba6d4e]" name="Disable_Email_Link" duration-ms="79" started-at="2017-04-12T11:05:09Z" finished-at="2017-04-12T11:05:09Z">
          <reporter-output>
          </reporter-output>
        </test-method> <!-- Disable_Email_Link -->
        <test-method status="FAIL" signature="LogOut()[pri:14, instance:main_file.Main_Report_Delivery@71ba6d4e]" name="LogOut" duration-ms="2076" started-at="2017-04-12T11:05:09Z" finished-at="2017-04-12T11:05:11Z">
          <exception class="org.openqa.selenium.NoSuchElementException">
            <message>
              <![CDATA[no such element: Unable to locate element: {"method":"xpath","selector":"html/body/div[1]/div/nav/div/ul/li[8]/a"}
  (Session info: chrome=57.0.2987.133)
  (Driver info: chromedriver=2.28.455520 (cc17746adff54984afff480136733114c6b3704b),platform=Windows NT 6.2.9200 x86_64) (WARNING: The server did not provide any stacktrace information)
Command duration or timeout: 71 milliseconds
For documentation on this error, please visit: http://seleniumhq.org/exceptions/no_such_element.html
Build info: version: 'unknown', revision: '5234b32', time: '2017-03-10 09:00:17 -0800'
System info: host: 'COMPUMATRICE', ip: '10.26.41.188', os.name: 'Windows 8', os.arch: 'amd64', os.version: '6.2', java.version: '1.8.0_73'
Driver info: org.openqa.selenium.chrome.ChromeDriver
Capabilities [{applicationCacheEnabled=false, rotatable=false, mobileEmulationEnabled=false, networkConnectionEnabled=false, chrome={chromedriverVersion=2.28.455520 (cc17746adff54984afff480136733114c6b3704b), userDataDir=C:\Users\compu\AppData\Local\Temp\scoped_dir10004_32421}, takesHeapSnapshot=true, pageLoadStrategy=normal, databaseEnabled=false, handlesAlerts=true, hasTouchScreen=false, version=57.0.2987.133, platform=WIN8, browserConnectionEnabled=false, nativeEvents=true, acceptSslCerts=true, locationContextEnabled=true, webStorageEnabled=true, browserName=chrome, takesScreenshot=true, javascriptEnabled=true, cssSelectorsEnabled=true, unexpectedAlertBehaviour=}]
Session ID: 313b587111a9603ec383cedc8e30bd7c
*** Element info: {Using=xpath, value=html/body/div[1]/div/nav/div/ul/li[8]/a}]]>
            </message>
            <full-stacktrace>
              <![CDATA[org.openqa.selenium.NoSuchElementException: no such element: Unable to locate element: {"method":"xpath","selector":"html/body/div[1]/div/nav/div/ul/li[8]/a"}
  (Session info: chrome=57.0.2987.133)
  (Driver info: chromedriver=2.28.455520 (cc17746adff54984afff480136733114c6b3704b),platform=Windows NT 6.2.9200 x86_64) (WARNING: The server did not provide any stacktrace information)
Command duration or timeout: 71 milliseconds
For documentation on this error, please visit: http://seleniumhq.org/exceptions/no_such_element.html
Build info: version: 'unknown', revision: '5234b32', time: '2017-03-10 09:00:17 -0800'
System info: host: 'COMPUMATRICE', ip: '10.26.41.188', os.name: 'Windows 8', os.arch: 'amd64', os.version: '6.2', java.version: '1.8.0_73'
Driver info: org.openqa.selenium.chrome.ChromeDriver
Capabilities [{applicationCacheEnabled=false, rotatable=false, mobileEmulationEnabled=false, networkConnectionEnabled=false, chrome={chromedriverVersion=2.28.455520 (cc17746adff54984afff480136733114c6b3704b), userDataDir=C:\Users\compu\AppData\Local\Temp\scoped_dir10004_32421}, takesHeapSnapshot=true, pageLoadStrategy=normal, databaseEnabled=false, handlesAlerts=true, hasTouchScreen=false, version=57.0.2987.133, platform=WIN8, browserConnectionEnabled=false, nativeEvents=true, acceptSslCerts=true, locationContextEnabled=true, webStorageEnabled=true, browserName=chrome, takesScreenshot=true, javascriptEnabled=true, cssSelectorsEnabled=true, unexpectedAlertBehaviour=}]
Session ID: 313b587111a9603ec383cedc8e30bd7c
*** Element info: {Using=xpath, value=html/body/div[1]/div/nav/div/ul/li[8]/a}
	at sun.reflect.NativeConstructorAccessorImpl.newInstance0(Native Method)
	at sun.reflect.NativeConstructorAccessorImpl.newInstance(Unknown Source)
	at sun.reflect.DelegatingConstructorAccessorImpl.newInstance(Unknown Source)
	at java.lang.reflect.Constructor.newInstance(Unknown Source)
	at org.openqa.selenium.remote.ErrorHandler.createThrowable(ErrorHandler.java:216)
	at org.openqa.selenium.remote.ErrorHandler.throwIfResponseFailed(ErrorHandler.java:168)
	at org.openqa.selenium.remote.RemoteWebDriver.execute(RemoteWebDriver.java:638)
	at org.openqa.selenium.remote.RemoteWebDriver.findElement(RemoteWebDriver.java:371)
	at org.openqa.selenium.remote.RemoteWebDriver.findElementByXPath(RemoteWebDriver.java:476)
	at org.openqa.selenium.By$ByXPath.findElement(By.java:361)
	at org.openqa.selenium.remote.RemoteWebDriver.findElement(RemoteWebDriver.java:363)
	at org.openqa.selenium.support.pagefactory.DefaultElementLocator.findElement(DefaultElementLocator.java:69)
	at org.openqa.selenium.support.pagefactory.internal.LocatingElementHandler.invoke(LocatingElementHandler.java:38)
	at com.sun.proxy.$Proxy5.getWrappedElement(Unknown Source)
	at org.openqa.selenium.remote.internal.WebElementToJsonConverter.apply(WebElementToJsonConverter.java:50)
	at com.google.common.collect.Iterators$7.transform(Iterators.java:750)
	at com.google.common.collect.TransformedIterator.next(TransformedIterator.java:47)
	at com.google.common.collect.Iterators.addAll(Iterators.java:367)
	at com.google.common.collect.Lists.newArrayList(Lists.java:165)
	at com.google.common.collect.Lists.newArrayList(Lists.java:150)
	at org.openqa.selenium.remote.RemoteWebDriver.executeScript(RemoteWebDriver.java:538)
	at all_files.Assemble_Tab.HighlightElement(Assemble_Tab.java:172)
	at all_files.Assemble_Tab.LogOut(Assemble_Tab.java:681)
	at main_file.Main_Report_Delivery.LogOut(Main_Report_Delivery.java:84)
	at sun.reflect.NativeMethodAccessorImpl.invoke0(Native Method)
	at sun.reflect.NativeMethodAccessorImpl.invoke(Unknown Source)
	at sun.reflect.DelegatingMethodAccessorImpl.invoke(Unknown Source)
	at java.lang.reflect.Method.invoke(Unknown Source)
	at org.testng.internal.MethodInvocationHelper.invokeMethod(MethodInvocationHelper.java:100)
	at org.testng.internal.Invoker.invokeMethod(Invoker.java:646)
	at org.testng.internal.Invoker.invokeTestMethod(Invoker.java:811)
	at org.testng.internal.Invoker.invokeTestMethods(Invoker.java:1129)
	at org.testng.internal.TestMethodWorker.invokeTestMethods(TestMethodWorker.java:129)
	at org.testng.internal.TestMethodWorker.run(TestMethodWorker.java:112)
	at org.testng.TestRunner.privateRun(TestRunner.java:746)
	at org.testng.TestRunner.run(TestRunner.java:600)
	at org.testng.SuiteRunner.runTest(SuiteRunner.java:366)
	at org.testng.SuiteRunner.runSequentially(SuiteRunner.java:361)
	at org.testng.SuiteRunner.privateRun(SuiteRunner.java:319)
	at org.testng.SuiteRunner.run(SuiteRunner.java:268)
	at org.testng.SuiteRunnerWorker.runSuite(SuiteRunnerWorker.java:52)
	at org.testng.SuiteRunnerWorker.run(SuiteRunnerWorker.java:86)
	at org.testng.TestNG.runSuitesSequentially(TestNG.java:1264)
	at org.testng.TestNG.runSuitesLocally(TestNG.java:1189)
	at org.testng.TestNG.runSuites(TestNG.java:1104)
	at org.testng.TestNG.run(TestNG.java:1076)
	at org.testng.remote.AbstractRemoteTestNG.run(AbstractRemoteTestNG.java:126)
	at org.testng.remote.RemoteTestNG.initAndRun(RemoteTestNG.java:152)
	at org.testng.remote.RemoteTestNG.main(RemoteTestNG.java:57)
]]>
            </full-stacktrace>
          </exception> <!-- org.openqa.selenium.NoSuchElementException -->
          <reporter-output>
          </reporter-output>
        </test-method> <!-- LogOut -->
      </class> <!-- main_file.Main_Report_Delivery -->
    </test> <!-- Default test -->
  </suite> <!-- Default suite -->
</testng-results>
