<?xml version="1.0" encoding="UTF-8"?>
<!-- Generated by org.testng.reporters.JUnitXMLReporter -->
<testsuite hostname="Compumatrice" name="Test" tests="18" failures="16" timestamp="11 Jul 2017 10:09:47 GMT" time="10.214" errors="0">
  <testcase name="startbrowser" time="6.954" classname="test_collection.Report_Writing_Tests">
    <failure type="org.openqa.selenium.NoSuchWindowException" message="no such window: target window already closed
from unknown error: web view not found
  (Session info: chrome=59.0.3071.115)
  (Driver info: chromedriver=2.28.455520 (cc17746adff54984afff480136733114c6b3704b),platform=Windows NT 6.3.9600 x86_64) (WARNING: The server did not provide any stacktrace information)
Command duration or timeout: 5 milliseconds
Build info: version: &amp;apos;2.53.0&amp;apos;, revision: &amp;apos;35ae25b1534ae328c771e0856c93e187490ca824&amp;apos;, time: &amp;apos;2016-03-15 10:43:46&amp;apos;
System info: host: &amp;apos;Compumatrice&amp;apos;, ip: &amp;apos;192.168.99.1&amp;apos;, os.name: &amp;apos;Windows 8.1&amp;apos;, os.arch: &amp;apos;amd64&amp;apos;, os.version: &amp;apos;6.3&amp;apos;, java.version: &amp;apos;1.8.0_131&amp;apos;
Driver info: org.openqa.selenium.chrome.ChromeDriver
Capabilities [{applicationCacheEnabled=false, rotatable=false, mobileEmulationEnabled=false, networkConnectionEnabled=false, chrome={chromedriverVersion=2.28.455520 (cc17746adff54984afff480136733114c6b3704b), userDataDir=C:\Users\RAHUL_~1\AppData\Local\Temp\scoped_dir8516_27645}, takesHeapSnapshot=true, pageLoadStrategy=normal, databaseEnabled=false, handlesAlerts=true, hasTouchScreen=false, version=59.0.3071.115, platform=WIN8_1, browserConnectionEnabled=false, nativeEvents=true, acceptSslCerts=true, locationContextEnabled=true, webStorageEnabled=true, browserName=chrome, takesScreenshot=true, javascriptEnabled=true, cssSelectorsEnabled=true, unexpectedAlertBehaviour=}]
Session ID: 2a3d3f2050cea2aceb6e5e940e419380">
      <![CDATA[org.openqa.selenium.NoSuchWindowException: no such window: target window already closed
from unknown error: web view not found
  (Session info: chrome=59.0.3071.115)
  (Driver info: chromedriver=2.28.455520 (cc17746adff54984afff480136733114c6b3704b),platform=Windows NT 6.3.9600 x86_64) (WARNING: The server did not provide any stacktrace information)
Command duration or timeout: 5 milliseconds
Build info: version: '2.53.0', revision: '35ae25b1534ae328c771e0856c93e187490ca824', time: '2016-03-15 10:43:46'
System info: host: 'Compumatrice', ip: '192.168.99.1', os.name: 'Windows 8.1', os.arch: 'amd64', os.version: '6.3', java.version: '1.8.0_131'
Driver info: org.openqa.selenium.chrome.ChromeDriver
Capabilities [{applicationCacheEnabled=false, rotatable=false, mobileEmulationEnabled=false, networkConnectionEnabled=false, chrome={chromedriverVersion=2.28.455520 (cc17746adff54984afff480136733114c6b3704b), userDataDir=C:\Users\RAHUL_~1\AppData\Local\Temp\scoped_dir8516_27645}, takesHeapSnapshot=true, pageLoadStrategy=normal, databaseEnabled=false, handlesAlerts=true, hasTouchScreen=false, version=59.0.3071.115, platform=WIN8_1, browserConnectionEnabled=false, nativeEvents=true, acceptSslCerts=true, locationContextEnabled=true, webStorageEnabled=true, browserName=chrome, takesScreenshot=true, javascriptEnabled=true, cssSelectorsEnabled=true, unexpectedAlertBehaviour=}]
Session ID: 2a3d3f2050cea2aceb6e5e940e419380
	at org.openqa.selenium.remote.ErrorHandler.createThrowable(ErrorHandler.java:206)
	at org.openqa.selenium.remote.ErrorHandler.throwIfResponseFailed(ErrorHandler.java:158)
	at org.openqa.selenium.remote.RemoteWebDriver.execute(RemoteWebDriver.java:678)
	at org.openqa.selenium.remote.RemoteWebDriver.execute(RemoteWebDriver.java:701)
	at org.openqa.selenium.remote.RemoteWebDriver.getTitle(RemoteWebDriver.java:320)
	at test_cases.Browsers.startbrowser(Browsers.java:33)
	at test_collection.Report_Writing_Tests.startbrowser(Report_Writing_Tests.java:23)
... Removed 37 stack frames]]>
    </failure>
  </testcase> <!-- startbrowser -->
  <testcase name="Login" time="0.059" classname="test_collection.Report_Writing_Tests">
    <failure type="java.lang.NullPointerException">
      <![CDATA[java.lang.NullPointerException
	at test_cases.Login_page.logintoparcel(Login_page.java:36)
	at test_collection.Report_Writing_Tests.Login(Report_Writing_Tests.java:29)
... Removed 33 stack frames]]>
    </failure>
  </testcase> <!-- Login -->
  <testcase name="All_SectionMode" time="0.042" classname="test_collection.Report_Writing_Tests">
    <failure type="java.lang.NullPointerException">
      <![CDATA[java.lang.NullPointerException
	at test_cases.Toc_Tab_Section.All_SectionMode(Toc_Tab_Section.java:446)
	at test_collection.Report_Writing_Tests.All_SectionMode(Report_Writing_Tests.java:35)
... Removed 33 stack frames]]>
    </failure>
  </testcase> <!-- All_SectionMode -->
  <testcase name="Edit_Tinymce_Editor" time="3.043" classname="test_collection.Report_Writing_Tests">
    <failure type="java.lang.NullPointerException">
      <![CDATA[java.lang.NullPointerException
	at test_cases.Toc_Tab_Section.All_Toc_Sections(Toc_Tab_Section.java:71)
	at test_cases.Toc_Tab_Section.Edit_Tinymce_Editor(Toc_Tab_Section.java:477)
	at test_collection.Report_Writing_Tests.Edit_Tinymce_Editor(Report_Writing_Tests.java:41)
... Removed 33 stack frames]]>
    </failure>
  </testcase> <!-- Edit_Tinymce_Editor -->
  <testcase name="Black_All" time="0.0" classname="test_collection.Report_Writing_Tests">
    <failure type="java.lang.NullPointerException">
      <![CDATA[java.lang.NullPointerException
	at test_cases.Toc_Tab_Section.Colour_Toc_Sections(Toc_Tab_Section.java:211)
	at test_cases.Toc_Tab_Section.Black_All(Toc_Tab_Section.java:481)
	at test_collection.Report_Writing_Tests.Black_All(Report_Writing_Tests.java:47)
... Removed 33 stack frames]]>
    </failure>
  </testcase> <!-- Black_All -->
  <testcase name="Highlight_Veriable" time="0.001" classname="test_collection.Report_Writing_Tests"/>
  <testcase name="Save_All" time="0.001" classname="test_collection.Report_Writing_Tests">
    <failure type="java.lang.NullPointerException">
      <![CDATA[java.lang.NullPointerException
	at test_cases.Toc_Tab_Section.Save_All(Toc_Tab_Section.java:578)
	at test_collection.Report_Writing_Tests.Save_All(Report_Writing_Tests.java:59)
... Removed 33 stack frames]]>
    </failure>
  </testcase> <!-- Save_All -->
  <testcase name="Show_Next_Previous_Section" time="0.001" classname="test_collection.Report_Writing_Tests">
    <failure type="java.lang.NullPointerException">
      <![CDATA[java.lang.NullPointerException
	at test_cases.Toc_Tab_Section.Show_Next_Previous_Section(Toc_Tab_Section.java:603)
	at test_collection.Report_Writing_Tests.Show_Next_Previous_Section(Report_Writing_Tests.java:65)
... Removed 33 stack frames]]>
    </failure>
  </testcase> <!-- Show_Next_Previous_Section -->
  <testcase name="Drag_Drop_Library" time="0.003" classname="test_collection.Report_Writing_Tests">
    <failure type="java.lang.NullPointerException">
      <![CDATA[java.lang.NullPointerException
	at test_cases.Library_Tab_Section.Drag_Drop_Library(Library_Tab_Section.java:49)
	at test_collection.Report_Writing_Tests.Drag_Drop_Library(Report_Writing_Tests.java:71)
... Removed 33 stack frames]]>
    </failure>
  </testcase> <!-- Drag_Drop_Library -->
  <testcase name="Add_Edit_Comments" time="0.005" classname="test_collection.Report_Writing_Tests">
    <failure type="java.lang.NullPointerException">
      <![CDATA[java.lang.NullPointerException
	at test_cases.Comments_Tab_Section.Add_Edit_Comments(Comments_Tab_Section.java:110)
	at test_collection.Report_Writing_Tests.Add_Edit_Comments(Report_Writing_Tests.java:77)
... Removed 33 stack frames]]>
    </failure>
  </testcase> <!-- Add_Edit_Comments -->
  <testcase name="Add_Address" time="0.002" classname="test_collection.Report_Writing_Tests"/>
  <testcase name="All_Sections_Comments" time="0.003" classname="test_collection.Report_Writing_Tests">
    <failure type="java.lang.NullPointerException">
      <![CDATA[java.lang.NullPointerException
	at test_cases.Comments_Tab_Section.Select_Comments_Dropdown_Option(Comments_Tab_Section.java:78)
	at test_cases.Comments_Tab_Section.All_Sections_Comments(Comments_Tab_Section.java:211)
	at test_collection.Report_Writing_Tests.All_Sections_Comments(Report_Writing_Tests.java:89)
... Removed 33 stack frames]]>
    </failure>
  </testcase> <!-- All_Sections_Comments -->
  <testcase name="Refresh_OpenAll_CloseAll_SelectAll_Delete_Functionality" time="0.001" classname="test_collection.Report_Writing_Tests">
    <failure type="java.lang.NullPointerException">
      <![CDATA[java.lang.NullPointerException
	at test_cases.Comments_Tab_Section.Select_Comments_Dropdown_Option(Comments_Tab_Section.java:78)
	at test_cases.Comments_Tab_Section.Refresh_OpenAll_CloseAll_SelectAll_Delete_Functionality(Comments_Tab_Section.java:222)
	at test_collection.Report_Writing_Tests.Refresh_OpenAll_CloseAll_SelectAll_Delete_Functionality(Report_Writing_Tests.java:95)
... Removed 33 stack frames]]>
    </failure>
  </testcase> <!-- Refresh_OpenAll_CloseAll_SelectAll_Delete_Functionality -->
  <testcase name="Drag_Drop_History" time="0.035" classname="test_collection.Report_Writing_Tests">
    <failure type="java.lang.NullPointerException">
      <![CDATA[java.lang.NullPointerException
	at test_cases.History_Tab_Section.Drag_Drop_History(History_Tab_Section.java:51)
	at test_collection.Report_Writing_Tests.Drag_Drop_History(Report_Writing_Tests.java:101)
... Removed 33 stack frames]]>
    </failure>
  </testcase> <!-- Drag_Drop_History -->
  <testcase name="Spellcheck_Replace_Functionality" time="0.005" classname="test_collection.Report_Writing_Tests">
    <failure type="java.lang.NullPointerException">
      <![CDATA[java.lang.NullPointerException
	at test_cases.Spellcheck_Tab_Section.Spellcheck_Replace_Functionality(Spellcheck_Tab_Section.java:78)
	at test_collection.Report_Writing_Tests.Spellcheck_Replace_Functionality(Report_Writing_Tests.java:107)
... Removed 33 stack frames]]>
    </failure>
  </testcase> <!-- Spellcheck_Replace_Functionality -->
  <testcase name="Find_Replace_Functionality" time="0.002" classname="test_collection.Report_Writing_Tests">
    <failure type="java.lang.NullPointerException">
      <![CDATA[java.lang.NullPointerException
	at test_cases.Find_Replace_Tab_Section.Find_Replace_Functionality(Find_Replace_Tab_Section.java:84)
	at test_collection.Report_Writing_Tests.Find_Replace_Functionality(Report_Writing_Tests.java:113)
... Removed 33 stack frames]]>
    </failure>
  </testcase> <!-- Find_Replace_Functionality -->
  <testcase name="Veriable_Replacer" time="0.003" classname="test_collection.Report_Writing_Tests">
    <failure type="java.lang.NullPointerException">
      <![CDATA[java.lang.NullPointerException
	at test_cases.Tools.Variable_Replacer(Tools.java:131)
	at test_collection.Report_Writing_Tests.Veriable_Replacer(Report_Writing_Tests.java:119)
... Removed 33 stack frames]]>
    </failure>
  </testcase> <!-- Veriable_Replacer -->
  <testcase name="Tools_Dropdown" time="0.0" classname="test_collection.Report_Writing_Tests">
    <failure type="java.lang.NullPointerException">
      <![CDATA[java.lang.NullPointerException
	at test_cases.Tools.Select_Tools_dropdown_Option(Tools.java:62)
	at test_cases.Tools.Tools_Dropdown(Tools.java:201)
	at test_collection.Report_Writing_Tests.Tools_Dropdown(Report_Writing_Tests.java:125)
... Removed 33 stack frames]]>
    </failure>
  </testcase> <!-- Tools_Dropdown -->
</testsuite> <!-- Test -->
